# JRE version: OpenJDK Runtime Environment (11.0.12+7) (build 11.0.12+7-b1504.28-7817840)
# Java VM: OpenJDK 64-Bit Server VM (11.0.12+7-b1504.28-7817840, mixed mode, tiered, compressed oops, g1 gc, windows-amd64)
Heap:
 garbage-first heap   total 518144K, used 339010K [0x0000000080000000, 0x0000000100000000)
  region size 1024K, 32 young (32768K), 3 survivors (3072K)
 Metaspace       used 147810K, capacity 152123K, committed 152216K, reserved 1181696K
  class space    used 18055K, capacity 19622K, committed 19712K, reserved 1048576K
GC Heap History (20 events):
Event: 1017.814 GC heap before
{Heap before GC invocations=98 (full 0):
 garbage-first heap   total 257024K, used 224575K [0x0000000080000000, 0x0000000100000000)
  region size 1024K, 58 young (59392K), 3 survivors (3072K)
 Metaspace       used 145622K, capacity 149733K, committed 149912K, reserved 1179648K
  class space    used 17850K, capacity 19380K, committed 19456K, reserved 1048576K
}
Event: 1017.887 GC heap after
{Heap after GC invocations=99 (full 0):
 garbage-first heap   total 257024K, used 170769K [0x0000000080000000, 0x0000000100000000)
  region size 1024K, 5 young (5120K), 5 survivors (5120K)
 Metaspace       used 145622K, capacity 149733K, committed 149912K, reserved 1179648K
  class space    used 17850K, capacity 19380K, committed 19456K, reserved 1048576K
}
Event: 1019.949 GC heap before
{Heap before GC invocations=99 (full 0):
 garbage-first heap   total 257024K, used 210705K [0x0000000080000000, 0x0000000100000000)
  region size 1024K, 33 young (33792K), 5 survivors (5120K)
 Metaspace       used 146198K, capacity 150391K, committed 150424K, reserved 1179648K
  class space    used 17913K, capacity 19450K, committed 19456K, reserved 1048576K
}
Event: 1020.023 GC heap after
{Heap after GC invocations=100 (full 0):
 garbage-first heap   total 257024K, used 187333K [0x0000000080000000, 0x0000000100000000)
  region size 1024K, 5 young (5120K), 5 survivors (5120K)
 Metaspace       used 146198K, capacity 150391K, committed 150424K, reserved 1179648K
  class space    used 17913K, capacity 19450K, committed 19456K, reserved 1048576K
}
Event: 1021.018 GC heap before
{Heap before GC invocations=100 (full 0):
 garbage-first heap   total 257024K, used 245701K [0x0000000080000000, 0x0000000100000000)
  region size 1024K, 38 young (38912K), 5 survivors (5120K)
 Metaspace       used 146188K, capacity 150296K, committed 150808K, reserved 1181696K
  class space    used 17866K, capacity 19378K, committed 19584K, reserved 1048576K
}
Event: 1021.070 GC heap after
{Heap after GC invocations=101 (full 0):
 garbage-first heap   total 365568K, used 205824K [0x0000000080000000, 0x0000000100000000)
  region size 1024K, 5 young (5120K), 5 survivors (5120K)
 Metaspace       used 146188K, capacity 150296K, committed 150808K, reserved 1181696K
  class space    used 17866K, capacity 19378K, committed 19584K, reserved 1048576K
}
Event: 1023.165 GC heap before
{Heap before GC invocations=102 (full 0):
 garbage-first heap   total 365568K, used 287744K [0x0000000080000000, 0x0000000100000000)
  region size 1024K, 83 young (84992K), 5 survivors (5120K)
 Metaspace       used 146513K, capacity 150608K, committed 151064K, reserved 1181696K
  class space    used 17899K, capacity 19393K, committed 19584K, reserved 1048576K
}
Event: 1023.386 GC heap after
{Heap after GC invocations=103 (full 0):
 garbage-first heap   total 365568K, used 245760K [0x0000000080000000, 0x0000000100000000)
  region size 1024K, 11 young (11264K), 11 survivors (11264K)
 Metaspace       used 146513K, capacity 150608K, committed 151064K, reserved 1181696K
  class space    used 17899K, capacity 19393K, committed 19584K, reserved 1048576K
}
Event: 1023.572 GC heap before
{Heap before GC invocations=103 (full 0):
 garbage-first heap   total 365568K, used 250880K [0x0000000080000000, 0x0000000100000000)
  region size 1024K, 17 young (17408K), 11 survivors (11264K)
 Metaspace       used 146524K, capacity 150608K, committed 151064K, reserved 1181696K
  class space    used 17899K, capacity 19393K, committed 19584K, reserved 1048576K
}
Event: 1023.619 GC heap after
{Heap after GC invocations=104 (full 0):
 garbage-first heap   total 365568K, used 238080K [0x0000000080000000, 0x0000000100000000)
  region size 1024K, 3 young (3072K), 3 survivors (3072K)
 Metaspace       used 146524K, capacity 150608K, committed 151064K, reserved 1181696K
  class space    used 17899K, capacity 19393K, committed 19584K, reserved 1048576K
}
Event: 1024.218 GC heap before
{Heap before GC invocations=104 (full 0):
 garbage-first heap   total 365568K, used 289280K [0x0000000080000000, 0x0000000100000000)
  region size 1024K, 54 young (55296K), 3 survivors (3072K)
 Metaspace       used 146633K, capacity 150690K, committed 151064K, reserved 1181696K
  class space    used 17908K, capacity 19399K, committed 19584K, reserved 1048576K
}
Event: 1024.260 GC heap after
{Heap after GC invocations=105 (full 0):
 garbage-first heap   total 365568K, used 259584K [0x0000000080000000, 0x0000000100000000)
  region size 1024K, 7 young (7168K), 7 survivors (7168K)
 Metaspace       used 146633K, capacity 150690K, committed 151064K, reserved 1181696K
  class space    used 17908K, capacity 19399K, committed 19584K, reserved 1048576K
}
Event: 1025.171 GC heap before
{Heap before GC invocations=105 (full 0):
 garbage-first heap   total 365568K, used 296448K [0x0000000080000000, 0x0000000100000000)
  region size 1024K, 43 young (44032K), 7 survivors (7168K)
 Metaspace       used 146944K, capacity 151126K, committed 151320K, reserved 1181696K
  class space    used 17968K, capacity 19523K, committed 19584K, reserved 1048576K
}
Event: 1025.235 GC heap after
{Heap after GC invocations=106 (full 0):
 garbage-first heap   total 518144K, used 264823K [0x0000000080000000, 0x0000000100000000)
  region size 1024K, 5 young (5120K), 5 survivors (5120K)
 Metaspace       used 146944K, capacity 151126K, committed 151320K, reserved 1181696K
  class space    used 17968K, capacity 19523K, committed 19584K, reserved 1048576K
}
Event: 1029.112 GC heap before
{Heap before GC invocations=106 (full 0):
 garbage-first heap   total 518144K, used 368247K [0x0000000080000000, 0x0000000100000000)
  region size 1024K, 89 young (91136K), 5 survivors (5120K)
 Metaspace       used 147106K, capacity 151293K, committed 151576K, reserved 1181696K
  class space    used 17977K, capacity 19532K, committed 19584K, reserved 1048576K
}
Event: 1029.276 GC heap after
{Heap after GC invocations=107 (full 0):
 garbage-first heap   total 518144K, used 287162K [0x0000000080000000, 0x0000000100000000)
  region size 1024K, 9 young (9216K), 9 survivors (9216K)
 Metaspace       used 147106K, capacity 151293K, committed 151576K, reserved 1181696K
  class space    used 17977K, capacity 19532K, committed 19584K, reserved 1048576K
}
Event: 1030.053 GC heap before
{Heap before GC invocations=107 (full 0):
 garbage-first heap   total 518144K, used 372154K [0x0000000080000000, 0x0000000100000000)
  region size 1024K, 85 young (87040K), 9 survivors (9216K)
 Metaspace       used 147124K, capacity 151295K, committed 151576K, reserved 1181696K
  class space    used 17977K, capacity 19532K, committed 19584K, reserved 1048576K
}
Event: 1030.085 GC heap after
{Heap after GC invocations=108 (full 0):
 garbage-first heap   total 518144K, used 306048K [0x0000000080000000, 0x0000000100000000)
  region size 1024K, 11 young (11264K), 11 survivors (11264K)
 Metaspace       used 147124K, capacity 151295K, committed 151576K, reserved 1181696K
  class space    used 17977K, capacity 19532K, committed 19584K, reserved 1048576K
}
Event: 1076.860 GC heap before
{Heap before GC invocations=108 (full 0):
 garbage-first heap   total 518144K, used 426880K [0x0000000080000000, 0x0000000100000000)
  region size 1024K, 99 young (101376K), 11 survivors (11264K)
 Metaspace       used 147625K, capacity 151919K, committed 152216K, reserved 1181696K
  class space    used 18038K, capacity 19591K, committed 19712K, reserved 1048576K
}
Event: 1076.912 GC heap after
{Heap after GC invocations=109 (full 0):
 garbage-first heap   total 518144K, used 311362K [0x0000000080000000, 0x0000000100000000)
  region size 1024K, 3 young (3072K), 3 survivors (3072K)
 Metaspace       used 147625K, capacity 151919K, committed 152216K, reserved 1181696K
  class space    used 18038K, capacity 19591K, committed 19712K, reserved 1048576K
}

