# JRE version: OpenJDK Runtime Environment (11.0.12+7) (build 11.0.12+7-b1504.28-7817840)
# Java VM: OpenJDK 64-Bit Server VM (11.0.12+7-b1504.28-7817840, mixed mode, tiered, compressed oops, g1 gc, windows-amd64)
Heap:
 garbage-first heap   total 225280K, used 151931K [0x0000000080000000, 0x0000000100000000)
  region size 1024K, 22 young (22528K), 4 survivors (4096K)
 Metaspace       used 113032K, capacity 116062K, committed 116180K, reserved 1150976K
  class space    used 14055K, capacity 15090K, committed 15180K, reserved 1048576K
GC Heap History (20 events):
Event: 17.995 GC heap before
{Heap before GC invocations=23 (full 0):
 garbage-first heap   total 225280K, used 180430K [0x0000000080000000, 0x0000000100000000)
  region size 1024K, 82 young (83968K), 9 survivors (9216K)
 Metaspace       used 94403K, capacity 96760K, committed 96852K, reserved 1132544K
  class space    used 12100K, capacity 12968K, committed 13004K, reserved 1048576K
}
Event: 18.014 GC heap after
{Heap after GC invocations=24 (full 0):
 garbage-first heap   total 225280K, used 111232K [0x0000000080000000, 0x0000000100000000)
  region size 1024K, 10 young (10240K), 10 survivors (10240K)
 Metaspace       used 94403K, capacity 96760K, committed 96852K, reserved 1132544K
  class space    used 12100K, capacity 12968K, committed 13004K, reserved 1048576K
}
Event: 19.838 GC heap before
{Heap before GC invocations=24 (full 0):
 garbage-first heap   total 225280K, used 181888K [0x0000000080000000, 0x0000000100000000)
  region size 1024K, 80 young (81920K), 10 survivors (10240K)
 Metaspace       used 97686K, capacity 100375K, committed 100692K, reserved 1136640K
  class space    used 12420K, capacity 13395K, committed 13516K, reserved 1048576K
}
Event: 19.862 GC heap after
{Heap after GC invocations=25 (full 0):
 garbage-first heap   total 225280K, used 115322K [0x0000000080000000, 0x0000000100000000)
  region size 1024K, 5 young (5120K), 5 survivors (5120K)
 Metaspace       used 97686K, capacity 100375K, committed 100692K, reserved 1136640K
  class space    used 12420K, capacity 13395K, committed 13516K, reserved 1048576K
}
Event: 569.264 GC heap before
{Heap before GC invocations=26 (full 0):
 garbage-first heap   total 225280K, used 184954K [0x0000000080000000, 0x0000000100000000)
  region size 1024K, 74 young (75776K), 5 survivors (5120K)
 Metaspace       used 101747K, capacity 104522K, committed 104788K, reserved 1140736K
  class space    used 12718K, capacity 13707K, committed 13772K, reserved 1048576K
}
Event: 569.280 GC heap after
{Heap after GC invocations=27 (full 0):
 garbage-first heap   total 225280K, used 120212K [0x0000000080000000, 0x0000000100000000)
  region size 1024K, 10 young (10240K), 10 survivors (10240K)
 Metaspace       used 101747K, capacity 104522K, committed 104788K, reserved 1140736K
  class space    used 12718K, capacity 13707K, committed 13772K, reserved 1048576K
}
Event: 570.703 GC heap before
{Heap before GC invocations=27 (full 0):
 garbage-first heap   total 225280K, used 157076K [0x0000000080000000, 0x0000000100000000)
  region size 1024K, 48 young (49152K), 10 survivors (10240K)
 Metaspace       used 103207K, capacity 106052K, committed 106324K, reserved 1142784K
  class space    used 12934K, capacity 13946K, committed 14028K, reserved 1048576K
}
Event: 570.738 GC heap after
{Heap after GC invocations=28 (full 0):
 garbage-first heap   total 225280K, used 123137K [0x0000000080000000, 0x0000000100000000)
  region size 1024K, 4 young (4096K), 4 survivors (4096K)
 Metaspace       used 103207K, capacity 106052K, committed 106324K, reserved 1142784K
  class space    used 12934K, capacity 13946K, committed 14028K, reserved 1048576K
}
Event: 571.675 GC heap before
{Heap before GC invocations=29 (full 0):
 garbage-first heap   total 225280K, used 167169K [0x0000000080000000, 0x0000000100000000)
  region size 1024K, 47 young (48128K), 4 survivors (4096K)
 Metaspace       used 104452K, capacity 107315K, committed 107476K, reserved 1142784K
  class space    used 13063K, capacity 14093K, committed 14156K, reserved 1048576K
}
Event: 571.742 GC heap after
{Heap after GC invocations=30 (full 0):
 garbage-first heap   total 225280K, used 143076K [0x0000000080000000, 0x0000000100000000)
  region size 1024K, 8 young (8192K), 8 survivors (8192K)
 Metaspace       used 104452K, capacity 107315K, committed 107476K, reserved 1142784K
  class space    used 13063K, capacity 14093K, committed 14156K, reserved 1048576K
}
Event: 573.564 GC heap before
{Heap before GC invocations=31 (full 0):
 garbage-first heap   total 225280K, used 194276K [0x0000000080000000, 0x0000000100000000)
  region size 1024K, 44 young (45056K), 8 survivors (8192K)
 Metaspace       used 108229K, capacity 111185K, committed 111572K, reserved 1146880K
  class space    used 13486K, capacity 14535K, committed 14668K, reserved 1048576K
}
Event: 573.582 GC heap after
{Heap after GC invocations=32 (full 0):
 garbage-first heap   total 225280K, used 145374K [0x0000000080000000, 0x0000000100000000)
  region size 1024K, 2 young (2048K), 2 survivors (2048K)
 Metaspace       used 108229K, capacity 111185K, committed 111572K, reserved 1146880K
  class space    used 13486K, capacity 14535K, committed 14668K, reserved 1048576K
}
Event: 574.519 GC heap before
{Heap before GC invocations=32 (full 0):
 garbage-first heap   total 225280K, used 182238K [0x0000000080000000, 0x0000000100000000)
  region size 1024K, 39 young (39936K), 2 survivors (2048K)
 Metaspace       used 110940K, capacity 113917K, committed 114132K, reserved 1148928K
  class space    used 13850K, capacity 14890K, committed 14924K, reserved 1048576K
}
Event: 574.525 GC heap after
{Heap after GC invocations=33 (full 0):
 garbage-first heap   total 225280K, used 145252K [0x0000000080000000, 0x0000000100000000)
  region size 1024K, 2 young (2048K), 2 survivors (2048K)
 Metaspace       used 110940K, capacity 113917K, committed 114132K, reserved 1148928K
  class space    used 13850K, capacity 14890K, committed 14924K, reserved 1048576K
}
Event: 576.479 GC heap before
{Heap before GC invocations=34 (full 0):
 garbage-first heap   total 225280K, used 175972K [0x0000000080000000, 0x0000000100000000)
  region size 1024K, 40 young (40960K), 2 survivors (2048K)
 Metaspace       used 112187K, capacity 115080K, committed 115284K, reserved 1148928K
  class space    used 13970K, capacity 14993K, committed 15052K, reserved 1048576K
}
Event: 576.497 GC heap after
{Heap after GC invocations=35 (full 0):
 garbage-first heap   total 225280K, used 141462K [0x0000000080000000, 0x0000000100000000)
  region size 1024K, 5 young (5120K), 5 survivors (5120K)
 Metaspace       used 112187K, capacity 115080K, committed 115284K, reserved 1148928K
  class space    used 13970K, capacity 14993K, committed 15052K, reserved 1048576K
}
Event: 576.696 GC heap before
{Heap before GC invocations=35 (full 0):
 garbage-first heap   total 225280K, used 146582K [0x0000000080000000, 0x0000000100000000)
  region size 1024K, 11 young (11264K), 5 survivors (5120K)
 Metaspace       used 112188K, capacity 115080K, committed 115284K, reserved 1148928K
  class space    used 13970K, capacity 14993K, committed 15052K, reserved 1048576K
}
Event: 576.712 GC heap after
{Heap after GC invocations=36 (full 0):
 garbage-first heap   total 225280K, used 138179K [0x0000000080000000, 0x0000000100000000)
  region size 1024K, 1 young (1024K), 1 survivors (1024K)
 Metaspace       used 112188K, capacity 115080K, committed 115284K, reserved 1148928K
  class space    used 13970K, capacity 14993K, committed 15052K, reserved 1048576K
}
Event: 577.445 GC heap before
{Heap before GC invocations=36 (full 0):
 garbage-first heap   total 225280K, used 179139K [0x0000000080000000, 0x0000000100000000)
  region size 1024K, 42 young (43008K), 1 survivors (1024K)
 Metaspace       used 112379K, capacity 115315K, committed 115540K, reserved 1150976K
  class space    used 13981K, capacity 15035K, committed 15052K, reserved 1048576K
}
Event: 577.457 GC heap after
{Heap after GC invocations=37 (full 0):
 garbage-first heap   total 225280K, used 140667K [0x0000000080000000, 0x0000000100000000)
  region size 1024K, 4 young (4096K), 4 survivors (4096K)
 Metaspace       used 112379K, capacity 115315K, committed 115540K, reserved 1150976K
  class space    used 13981K, capacity 15035K, committed 15052K, reserved 1048576K
}

